<?xml version="1.0" encoding="UTF-8"?>
<testsuite xmlns:xsi="http://www.w3.org/2001/XMLSchema-instance" xsi:noNamespaceSchemaLocation="https://maven.apache.org/surefire/maven-surefire-plugin/xsd/surefire-test-report-3.0.xsd" version="3.0" name="org.axel.nonblockingapi.controller.GetUserDetailsControllerTest" time="1.25" tests="2" errors="0" skipped="0" failures="0">
  <properties>
[...]
</properties>
  <testcase name="shouldGetUserDetailsFail" classname="org.axel.nonblockingapi.controller.GetUserDetailsControllerTest" time="0.1">
    <system-out><![CDATA[21:48:35.663 [main] INFO org.springframework.test.context.support.AnnotationConfigContextLoaderUtils -- Could not detect default configuration classes for test class [org.axel.nonblockingapi.controller.GetUserDetailsControllerTest]: GetUserDetailsControllerTest does not declare any static, non-private, non-final, nested classes annotated with @Configuration.
21:48:35.720 [main] INFO org.springframework.boot.test.context.SpringBootTestContextBootstrapper -- Found @SpringBootConfiguration org.axel.nonblockingapi.AxelApiMain for test class org.axel.nonblockingapi.controller.GetUserDetailsControllerTest

  .   ____          _            __ _ _
 /\\ / ___'_ __ _ _(_)_ __  __ _ \ \ \ \
( ( )\___ | '_ | '_| | '_ \/ _` | \ \ \ \
 \\/  ___)| |_)| | | | | || (_| |  ) ) ) )
  '  |____| .__|_| |_|_| |_\__, | / / / /
 =========|_|==============|___/=/_/_/_/
 :: Spring Boot ::                (v3.2.2)

2024-02-12T21:48:35.873+01:00  INFO 24225 --- [           main] o.a.n.c.GetUserDetailsControllerTest     : Starting GetUserDetailsControllerTest using Java 17.0.10 with PID 24225 (started by n.verma in /Users/n.verma/git/personal/AxelTaskApi)
2024-02-12T21:48:35.874+01:00  INFO 24225 --- [           main] o.a.n.c.GetUserDetailsControllerTest     : No active profile set, falling back to 1 default profile: "default"
2024-02-12T21:48:36.707+01:00  INFO 24225 --- [           main] o.a.n.c.GetUserDetailsControllerTest     : Started GetUserDetailsControllerTest in 0.96 seconds (process running for 1.329)
]]></system-out>
  </testcase>
  <testcase name="shouldGetUserDetails" classname="org.axel.nonblockingapi.controller.GetUserDetailsControllerTest" time="0.025"/>
</testsuite>